client/android/capacitor-cordova-android-plugins 2/build 2/outputs/logs/manifest-merger-debug-report.txt
-- Merging decision tree log ---
manifest
ADDED from src/main/AndroidManifest.xml:2:1-8:12
INJECTED from src/main/AndroidManifest.xml:2:1-8:12
	package
		INJECTED from src/main/AndroidManifest.xml
	xmlns:amazon
		ADDED from src/main/AndroidManifest.xml:3:1-57
	xmlns:android
		ADDED from src/main/AndroidManifest.xml:2:11-69
application
ADDED from src/main/AndroidManifest.xml:4:1-6:15
uses-sdk
INJECTED from src/main/AndroidManifest.xml reason: use-sdk injection requested
INJECTED from src/main/AndroidManifest.xml
INJECTED from src/main/AndroidManifest.xml
	android:targetSdkVersion
		INJECTED from src/main/AndroidManifest.xml
	android:minSdkVersion
		INJECTED from src/main/AndroidManifest.xml